<?xml version="1.0" encoding="UTF-8"?>
<testng-results skipped="0" failed="0" total="3" passed="3">
  <reporter-output>
  </reporter-output>
  <suite name="Suite" duration-ms="35505" started-at="2019-07-16T02:16:57Z" finished-at="2019-07-16T02:17:32Z">
    <groups>
    </groups>
    <test name="Test" duration-ms="35505" started-at="2019-07-16T02:16:57Z" finished-at="2019-07-16T02:17:32Z">
      <class name="cmdmavenproject.TestGoogleTitle">
        <test-method status="PASS" signature="setBrowser()[pri:0, instance:cmdmavenproject.TestGoogleTitle@4909b8da]" name="setBrowser" is-config="true" duration-ms="33155" started-at="2019-07-16T07:46:57Z" finished-at="2019-07-16T07:47:30Z">
          <reporter-output>
          </reporter-output>
        </test-method> <!-- setBrowser -->
        <test-method status="PASS" signature="testTitle()[pri:0, instance:cmdmavenproject.TestGoogleTitle@4909b8da]" name="testTitle" duration-ms="137" started-at="2019-07-16T07:47:30Z" finished-at="2019-07-16T07:47:30Z">
          <reporter-output>
          </reporter-output>
        </test-method> <!-- testTitle -->
        <test-method status="PASS" signature="tearDown()[pri:0, instance:cmdmavenproject.TestGoogleTitle@4909b8da]" name="tearDown" is-config="true" duration-ms="2168" started-at="2019-07-16T07:47:30Z" finished-at="2019-07-16T07:47:32Z">
          <reporter-output>
          </reporter-output>
        </test-method> <!-- tearDown -->
      </class> <!-- cmdmavenproject.TestGoogleTitle -->
      <class name="cmdmavenproject.Test">
        <test-method status="PASS" signature="testTitle1()[pri:0, instance:cmdmavenproject.Test@3551a94]" name="testTitle1" duration-ms="13" started-at="2019-07-16T07:46:57Z" finished-at="2019-07-16T07:46:57Z">
          <reporter-output>
          </reporter-output>
        </test-method> <!-- testTitle1 -->
        <test-method status="PASS" signature="testTitle2()[pri:0, instance:cmdmavenproject.Test@3551a94]" name="testTitle2" duration-ms="12" started-at="2019-07-16T07:46:57Z" finished-at="2019-07-16T07:46:57Z">
          <reporter-output>
          </reporter-output>
        </test-method> <!-- testTitle2 -->
      </class> <!-- cmdmavenproject.Test -->
    </test> <!-- Test -->
  </suite> <!-- Suite -->
</testng-results>
